"line_size" "n" "get_order_1" "get_order_2"
8 200 0.005 0.006
8 500 0.014 0.016
8 1000 0.031 0.035
8 5000 0.198 0.201
8 10000 0.41 0.435
8 50000 2.602 2.418
8 100000 5.672 5.056
8 200000 11.9 10.404
8 500000 33.935 28.243
8 800000 55.653 45.457
8 1000000 71.356 59.642
8 200 0.005 0.006
8 500 0.014 0.016
8 1000 0.029 0.033
8 5000 0.195 0.193
8 10000 0.397 0.416
8 50000 2.516 2.322
8 100000 5.489 4.851
8 200000 11.829 10.65
8 500000 35.779 32.103
8 800000 61.527 48.398
8 1000000 78.606 63.577
8 200 0.005 0.006
8 500 0.014 0.017
8 1000 0.03 0.035
8 5000 0.288 0.201
8 10000 0.412 0.426
8 50000 2.685 2.554
8 100000 5.846 5.171
8 200000 12.027 10.597
8 500000 33.516 28.367
8 800000 55.398 45.224
8 1000000 70.521 57.935
8 200 0.005 0.006
8 500 0.014 0.016
8 1000 0.029 0.033
8 5000 0.19 0.193
8 10000 0.393 0.423
8 50000 2.526 2.343
8 100000 5.544 4.898
8 200000 12.197 10.298
8 500000 32.924 28.75
8 800000 58.056 47.224
8 1000000 72.835 59.073
8 200 0.005 0.006
8 500 0.014 0.016
8 1000 0.029 0.033
8 5000 0.19 0.194
8 10000 0.394 0.413
8 50000 2.517 2.351
8 100000 5.448 4.911
8 200000 11.675 10.296
8 500000 36.685 27.842
8 800000 54.702 45.043
8 1000000 70.076 58.832
8 200 0.005 0.006
8 500 0.014 0.015
8 1000 0.029 0.033
8 5000 0.19 0.194
8 10000 0.394 0.419
8 50000 2.554 2.323
8 100000 5.455 4.874
8 200000 11.817 10.195
8 500000 32.505 28.503
8 800000 55.315 45.727
8 1000000 71.664 57.969
16 200 0.006 0.006
16 500 0.014 0.016
16 1000 0.029 0.033
16 5000 0.19 0.196
16 10000 0.394 0.413
16 50000 2.605 2.365
16 100000 5.574 4.965
16 200000 12.425 10.334
16 500000 36.275 28.219
16 800000 63.183 45.918
16 1000000 82.325 59.515
16 200 0.025 0.006
16 500 0.014 0.015
16 1000 0.028 0.032
16 5000 0.188 0.192
16 10000 0.39 0.402
16 50000 2.554 2.349
16 100000 5.508 4.873
16 200000 11.601 10.056
16 500000 34.729 27.247
16 800000 63.202 45.701
16 1000000 82.143 58.175
16 200 0.006 0.006
16 500 0.015 0.016
16 1000 0.058 0.047
16 5000 0.241 0.197
16 10000 0.395 0.414
16 50000 2.602 2.474
16 100000 5.621 4.923
16 200000 11.981 10.377
16 500000 35.575 28.366
16 800000 64.537 47.935
16 1000000 83.297 58.357
16 200 0.006 0.006
16 500 0.014 0.016
16 1000 0.029 0.033
16 5000 0.186 0.193
16 10000 0.385 0.401
16 50000 2.61 2.333
16 100000 6.077 5.179
16 200000 12.071 10.297
16 500000 34.547 28.273
16 800000 64.05 45.544
16 1000000 83.503 58.785
16 200 0.006 0.006
16 500 0.015 0.016
16 1000 0.029 0.033
16 5000 0.188 0.199
16 10000 0.388 0.404
16 50000 2.55 2.374
16 100000 5.557 4.782
16 200000 11.752 10.536
16 500000 33.833 27.163
16 800000 62.771 45.79
16 1000000 81.342 58.468
16 200 0.006 0.006
16 500 0.014 0.015
16 1000 0.028 0.032
16 5000 0.187 0.193
16 10000 0.653 0.463
16 50000 2.637 2.339
16 100000 5.691 4.908
16 200000 11.926 10.296
16 500000 37.317 27.671
16 800000 61.097 44.985
16 1000000 84.231 58.369
32 200 0.006 0.006
32 500 0.014 0.016
32 1000 0.031 0.036
32 5000 0.188 0.199
32 10000 0.415 0.533
32 50000 2.894 2.344
32 100000 5.791 4.871
32 200000 12.188 10.426
32 500000 41.847 27.483
32 800000 75.364 45.553
32 1000000 99.104 56.662
32 200 0.007 0.006
32 500 0.014 0.016
32 1000 0.031 0.036
32 5000 0.186 0.202
32 10000 0.409 0.401
32 50000 2.735 2.345
32 100000 5.712 4.868
32 200000 12.599 10.305
32 500000 40.33 29.055
32 800000 74.097 45.035
32 1000000 98.611 56.114
32 200 0.006 0.006
32 500 0.014 0.017
32 1000 0.031 0.036
32 5000 0.185 0.192
32 10000 0.405 0.403
32 50000 2.675 2.321
32 100000 5.63 4.822
32 200000 12.72 10.26
32 500000 39.731 28.725
32 800000 73.826 45.036
32 1000000 98.014 56.319
32 200 0.007 0.006
32 500 0.014 0.017
32 1000 0.031 0.037
32 5000 0.189 0.199
32 10000 0.504 0.403
32 50000 2.702 2.345
32 100000 5.938 5.014
32 200000 12.5 10.329
32 500000 40.443 28.953
32 800000 76.22 46.155
32 1000000 99.583 56.77
32 200 0.006 0.006
32 500 0.014 0.016
32 1000 0.031 0.035
32 5000 0.189 0.197
32 10000 0.414 0.405
32 50000 2.693 2.369
32 100000 5.732 4.889
32 200000 12.286 10.414
32 500000 40.439 29.08
32 800000 74.593 46.495
32 1000000 97.973 56.677
32 200 0.006 0.006
32 500 0.014 0.016
32 1000 0.031 0.036
32 5000 0.187 0.196
32 10000 0.459 0.405
32 50000 2.742 2.374
32 100000 5.808 4.92
32 200000 12.666 10.376
32 500000 41.788 28.617
32 800000 75.568 47.334
32 1000000 100.786 57.382
64 200 0.005 0.005
64 500 0.014 0.016
64 1000 0.03 0.033
64 5000 0.198 0.196
64 10000 0.436 0.486
64 50000 3.011 2.4
64 100000 6.231 4.844
64 200000 14.016 10.324
64 500000 48.592 27.791
64 800000 87.045 45.341
64 1000000 113.096 57.053
64 200 0.005 0.005
64 500 0.014 0.016
64 1000 0.03 0.033
64 5000 0.214 0.193
64 10000 0.476 0.434
64 50000 2.707 2.281
64 100000 5.864 4.869
64 200000 15.053 10.431
64 500000 50.289 28.37
64 800000 87.454 44.572
64 1000000 118.816 57.545
64 200 0.005 0.005
64 500 0.014 0.016
64 1000 0.03 0.033
64 5000 0.245 0.236
64 10000 0.431 0.407
64 50000 2.705 2.383
64 100000 5.851 5.114
64 200000 13.935 10.246
64 500000 47.64 28.666
64 800000 86.593 46.309
64 1000000 113.485 57.21
64 200 0.005 0.005
64 500 0.014 0.015
64 1000 0.029 0.033
64 5000 0.194 0.209
64 10000 0.491 0.391
64 50000 2.775 2.452
64 100000 6.129 5.068
64 200000 14.282 10.322
64 500000 49.158 27.918
64 800000 90.47 47.524
64 1000000 115.422 58.526
64 200 0.005 0.005
64 500 0.014 0.016
64 1000 0.03 0.033
64 5000 0.197 0.195
64 10000 0.439 0.408
64 50000 2.746 2.371
64 100000 5.968 4.992
64 200000 14.589 10.318
64 500000 47.343 28.101
64 800000 90.487 45.671
64 1000000 114.376 57.44
64 200 0.005 0.005
64 500 0.014 0.018
64 1000 0.03 0.033
64 5000 0.195 0.194
64 10000 0.493 0.392
64 50000 2.693 2.321
64 100000 5.741 4.776
64 200000 14.405 10.538
64 500000 48.779 30.281
64 800000 87.138 44.864
64 1000000 113.287 57.305
128 200 0.005 0.007
128 500 0.014 0.014
128 1000 0.031 0.035
128 5000 0.266 0.249
128 10000 0.458 0.409
128 50000 2.844 2.396
128 100000 7.808 5.131
128 200000 18.338 10.911
128 500000 58.545 28.646
128 800000 104.966 46.567
128 1000000 132.036 59.092
128 200 0.005 0.006
128 500 0.014 0.014
128 1000 0.03 0.035
128 5000 0.207 0.2
128 10000 0.45 0.401
128 50000 2.809 2.359
128 100000 7.281 4.981
128 200000 18.141 10.605
128 500000 57.503 29.749
128 800000 100.355 47.162
128 1000000 129.001 59.597
128 200 0.005 0.007
128 500 0.014 0.015
128 1000 0.031 0.036
128 5000 0.21 0.194
128 10000 0.501 0.409
128 50000 2.933 2.41
128 100000 6.813 5.032
128 200000 18.13 11.03
128 500000 56.752 28.661
128 800000 103.37 47.163
128 1000000 135.312 59.005
128 200 0.005 0.007
128 500 0.014 0.015
128 1000 0.03 0.035
128 5000 0.208 0.192
128 10000 0.457 0.48
128 50000 2.814 2.427
128 100000 6.751 4.936
128 200000 17.856 10.361
128 500000 55.395 29.433
128 800000 103.817 46.841
128 1000000 129.789 58.716
128 200 0.005 0.007
128 500 0.014 0.014
128 1000 0.031 0.035
128 5000 0.221 0.192
128 10000 0.462 0.411
128 50000 2.885 2.361
128 100000 7.564 5.007
128 200000 18.365 10.639
128 500000 59.547 29.267
128 800000 102.606 46.432
128 1000000 132.502 60.143
128 200 0.005 0.007
128 500 0.014 0.015
128 1000 0.06 0.036
128 5000 0.21 0.192
128 10000 0.502 0.411
128 50000 3.007 2.359
128 100000 7.412 5.169
128 200000 18.597 10.728
128 500000 58.224 29.421
128 800000 102.514 46.768
128 1000000 133.437 59.704
256 200 0.006 0.009
256 500 0.015 0.015
256 1000 0.033 0.031
256 5000 0.222 0.188
256 10000 0.479 0.417
256 50000 3.335 2.383
256 100000 8.536 5.167
256 200000 21.79 11.222
256 500000 63.093 29.769
256 800000 110.875 48.35
256 1000000 141.561 59.845
256 200 0.006 0.009
256 500 0.015 0.014
256 1000 0.032 0.03
256 5000 0.221 0.184
256 10000 0.48 0.411
256 50000 3.299 2.463
256 100000 9.501 5.242
256 200000 21.484 10.863
256 500000 65.058 30.779
256 800000 113.822 47.958
256 1000000 145.618 60.254
256 200 0.006 0.009
256 500 0.015 0.015
256 1000 0.032 0.03
256 5000 0.295 0.185
256 10000 0.475 0.467
256 50000 3.3 2.382
256 100000 9.009 5.351
256 200000 22.407 11.208
256 500000 64.398 29.71
256 800000 114.131 49.906
256 1000000 143.763 60.814
256 200 0.006 0.009
256 500 0.015 0.014
256 1000 0.032 0.03
256 5000 0.218 0.337
256 10000 0.471 0.409
256 50000 3.234 2.409
256 100000 8.539 5.273
256 200000 21.35 10.761
256 500000 64.007 29.282
256 800000 110.585 47.835
256 1000000 145.376 60.27
256 200 0.006 0.009
256 500 0.015 0.015
256 1000 0.032 0.03
256 5000 0.22 0.184
256 10000 0.477 0.411
256 50000 3.364 2.68
256 100000 8.962 5.269
256 200000 21.786 11.091
256 500000 65.238 29.144
256 800000 113.314 47.852
256 1000000 144.358 60.684
256 200 0.006 0.009
256 500 0.015 0.015
256 1000 0.031 0.03
256 5000 0.218 0.191
256 10000 0.471 0.408
256 50000 3.229 2.39
256 100000 8.329 5.458
256 200000 22.664 11.203
256 500000 62.271 28.88
256 800000 111.112 47.531
256 1000000 142.268 61.02
512 200 0.026 0.007
512 500 0.034 0.028
512 1000 0.059 0.071
512 5000 0.245 0.194
512 10000 0.509 0.411
512 50000 4.089 2.605
512 100000 10.1 5.366
512 200000 25.499 11.755
512 500000 72.088 29.822
512 800000 125.423 49
512 1000000 155.928 62.234
512 200 0.007 0.008
512 500 0.017 0.015
512 1000 0.037 0.031
512 5000 0.232 0.194
512 10000 0.503 0.462
512 50000 4.243 2.501
512 100000 10.449 5.649
512 200000 24.567 11.181
512 500000 70.105 29.969
512 800000 125.976 50.074
512 1000000 157.482 62.477
512 200 0.005 0.006
512 500 0.015 0.015
512 1000 0.035 0.03
512 5000 0.229 0.195
512 10000 0.488 0.412
512 50000 3.983 2.529
512 100000 9.441 5.411
512 200000 23.949 11.193
512 500000 71.253 30.522
512 800000 122.191 50.513
512 1000000 155.745 62.03
512 200 0.005 0.006
512 500 0.015 0.014
512 1000 0.035 0.03
512 5000 0.229 0.191
512 10000 0.49 0.406
512 50000 4.181 2.62
512 100000 9.942 5.473
512 200000 25.1 11.289
512 500000 69.628 30.473
512 800000 122.779 50.594
512 1000000 155.924 64.43
512 200 0.006 0.007
512 500 0.015 0.014
512 1000 0.034 0.031
512 5000 0.229 0.196
512 10000 0.532 0.412
512 50000 4.035 2.649
512 100000 9.786 5.467
512 200000 22.728 11.891
512 500000 82.712 32.526
512 800000 130.473 52.808
512 1000000 155.56 62.954
512 200 0.006 0.006
512 500 0.015 0.014
512 1000 0.035 0.031
512 5000 0.33 0.195
512 10000 0.493 0.413
512 50000 4.049 2.557
512 100000 10.245 5.409
512 200000 24.101 11.382
512 500000 81.66 33.112
512 800000 130.749 53.67
512 1000000 156.59 64.062
1024 200 0.006 0.006
1024 500 0.016 0.016
1024 1000 0.036 0.034
1024 5000 0.234 0.197
1024 10000 0.538 0.414
1024 50000 4.692 2.611
1024 100000 11.307 5.652
1024 200000 25.598 11.395
1024 500000 72.889 31.611
1024 800000 129.295 50.458
1024 1000000 166.347 63.852
1024 200 0.006 0.006
1024 500 0.017 0.016
1024 1000 0.036 0.034
1024 5000 0.315 0.195
1024 10000 0.713 0.417
1024 50000 4.526 2.582
1024 100000 11.011 5.559
1024 200000 26.703 11.518
1024 500000 74.475 30.544
1024 800000 134.078 50.328
1024 1000000 169.128 67.566
1024 200 0.006 0.006
1024 500 0.017 0.016
1024 1000 0.037 0.034
1024 5000 0.242 0.2
1024 10000 0.6 0.428
1024 50000 4.902 2.619
1024 100000 11.199 5.523
1024 200000 26.722 11.911
1024 500000 77.904 30.106
1024 800000 131.988 50.142
1024 1000000 166.807 67.562
1024 200 0.006 0.006
1024 500 0.017 0.016
1024 1000 0.036 0.034
1024 5000 0.24 0.2
1024 10000 0.571 0.564
1024 50000 4.661 2.688
1024 100000 10.372 5.633
1024 200000 25.948 11.895
1024 500000 74.069 30.567
1024 800000 130.865 50.892
1024 1000000 167.662 64.279
1024 200 0.006 0.006
1024 500 0.017 0.016
1024 1000 0.037 0.034
1024 5000 0.235 0.196
1024 10000 0.597 0.414
1024 50000 4.658 2.635
1024 100000 10.525 5.588
1024 200000 26.372 11.983
1024 500000 72.793 30.875
1024 800000 129.827 53.043
1024 1000000 165.207 64.732
1024 200 0.006 0.006
1024 500 0.016 0.016
1024 1000 0.036 0.033
1024 5000 0.234 0.193
1024 10000 0.54 0.417
1024 50000 4.713 2.659
1024 100000 10.885 5.778
1024 200000 26.505 11.339
1024 500000 73.856 30.698
1024 800000 130.018 52.026
1024 1000000 165.573 64.248
2048 200 0.007 0.006
2048 500 0.018 0.016
2048 1000 0.039 0.034
2048 5000 0.269 0.201
2048 10000 0.682 0.449
2048 50000 5.505 2.758
2048 100000 12.853 5.551
2048 200000 31.415 12.604
2048 500000 80.927 30.65
2048 800000 141.524 49.895
2048 1000000 183.289 64.765
2048 200 0.007 0.007
2048 500 0.017 0.016
2048 1000 0.038 0.033
2048 5000 0.308 0.198
2048 10000 0.661 0.452
2048 50000 5.097 2.656
2048 100000 12.127 5.481
2048 200000 28.005 11.373
2048 500000 80.288 32.756
2048 800000 141.68 50.421
2048 1000000 179.613 63.914
2048 200 0.006 0.006
2048 500 0.018 0.016
2048 1000 0.038 0.033
2048 5000 0.27 0.199
2048 10000 0.669 0.448
2048 50000 5.423 2.595
2048 100000 12.677 5.561
2048 200000 28.55 11.651
2048 500000 89.979 35.358
2048 800000 143.215 51.491
2048 1000000 184.905 63.612
2048 200 0.006 0.006
2048 500 0.017 0.016
2048 1000 0.038 0.037
2048 5000 0.267 0.202
2048 10000 0.655 0.449
2048 50000 5.453 2.656
2048 100000 12.054 5.577
2048 200000 27.512 11.78
2048 500000 78.457 31.322
2048 800000 139.521 49.586
2048 1000000 179.046 64.785
2048 200 0.007 0.006
2048 500 0.017 0.016
2048 1000 0.039 0.033
2048 5000 0.279 0.2
2048 10000 0.733 0.443
2048 50000 5.305 2.8
2048 100000 12.301 5.478
2048 200000 28.784 11.526
2048 500000 81.421 30.64
2048 800000 141.575 50.941
2048 1000000 181.727 63.858
2048 200 0.007 0.006
2048 500 0.04 0.034
2048 1000 0.064 0.059
2048 5000 0.311 0.438
2048 10000 0.7 0.449
2048 50000 5.445 2.732
2048 100000 12.243 5.752
2048 200000 28.734 11.524
2048 500000 80.249 30.652
2048 800000 145.695 50.739
2048 1000000 185.191 64.507
4096 200 0.007 0.006
4096 500 0.019 0.016
4096 1000 0.042 0.034
4096 5000 0.335 0.21
4096 10000 0.9 0.46
4096 50000 6.612 2.648
4096 100000 14.286 5.536
4096 200000 34.628 11.475
4096 500000 90.533 30.617
4096 800000 159.007 51.11
4096 1000000 211.16 64.907
4096 200 0.007 0.006
4096 500 0.019 0.016
4096 1000 0.042 0.034
4096 5000 0.348 0.215
4096 10000 0.848 0.467
4096 50000 6.089 2.773
4096 100000 14.423 5.698
4096 200000 31.814 11.492
4096 500000 89.4 30.522
4096 800000 169.858 50.854
4096 1000000 209.226 65.641
4096 200 0.007 0.006
4096 500 0.02 0.016
4096 1000 0.043 0.034
4096 5000 0.359 0.317
4096 10000 0.944 0.46
4096 50000 6.525 2.673
4096 100000 15.035 5.708
4096 200000 32.048 11.601
4096 500000 101.381 34.612
4096 800000 190.62 58.301
4096 1000000 208.287 64.174
4096 200 0.007 0.006
4096 500 0.02 0.016
4096 1000 0.042 0.034
4096 5000 0.352 0.213
4096 10000 0.909 0.502
4096 50000 6.567 2.776
4096 100000 14.195 5.641
4096 200000 31.257 11.644
4096 500000 88.993 31.006
4096 800000 157.72 50.006
4096 1000000 202.036 68.108
4096 200 0.007 0.006
4096 500 0.02 0.016
4096 1000 0.043 0.034
4096 5000 0.338 0.217
4096 10000 0.867 0.467
4096 50000 6.13 2.853
4096 100000 15.249 5.484
4096 200000 34.399 11.51
4096 500000 93.006 30.471
4096 800000 158.723 50.541
4096 1000000 210.292 64.266
4096 200 0.007 0.006
4096 500 0.019 0.016
4096 1000 0.042 0.034
4096 5000 0.379 0.247
4096 10000 0.841 0.462
4096 50000 5.865 2.733
4096 100000 14.961 5.64
4096 200000 32.01 11.445
4096 500000 89.135 30.832
4096 800000 161.31 50.413
4096 1000000 208.785 63.984
8192 200 0.008 0.006
8192 500 0.02 0.016
8192 1000 0.045 0.034
8192 5000 0.377 0.21
8192 10000 1.019 0.446
8192 50000 6.995 2.49
8192 100000 15.267 5.279
8192 200000 34.422 10.926
8192 500000 92.348 29.822
8192 800000 172.062 49.155
8192 1000000 247.734 64.441
8192 200 0.008 0.006
8192 500 0.02 0.04
8192 1000 0.047 0.048
8192 5000 0.371 0.212
8192 10000 0.917 0.472
8192 50000 6.538 2.606
8192 100000 14.56 11.448
8192 200000 32.964 11.141
8192 500000 95.454 60.431
8192 800000 185.403 49.541
8192 1000000 251.268 63.942
8192 200 0.008 0.006
8192 500 0.043 0.016
8192 1000 0.046 0.034
8192 5000 0.46 0.235
8192 10000 1.054 0.535
8192 50000 7.923 2.746
8192 100000 15.568 5.576
8192 200000 34.643 11.259
8192 500000 98.067 29.984
8192 800000 181.06 49.266
8192 1000000 238.035 65.63
8192 200 0.008 0.006
8192 500 0.061 0.033
8192 1000 0.086 0.055
8192 5000 0.414 0.276
8192 10000 0.975 0.444
8192 50000 7.718 2.75
8192 100000 15.761 5.361
8192 200000 35.14 11.043
8192 500000 95.298 29.437
8192 800000 172.271 49.18
8192 1000000 244.469 64.343
8192 200 0.008 0.007
8192 500 0.021 0.016
8192 1000 0.049 0.034
8192 5000 0.407 0.214
8192 10000 0.969 0.483
8192 50000 7.04 2.822
8192 100000 15.809 5.756
8192 200000 33.612 11.804
8192 500000 95.607 31.787
8192 800000 172.641 48.947
8192 1000000 235.636 123.952
8192 200 0.007 0.006
8192 500 0.07 0.016
8192 1000 0.047 0.034
8192 5000 0.369 0.203
8192 10000 0.945 0.44
8192 50000 6.955 2.499
8192 100000 14.541 5.323
8192 200000 32.753 10.964
8192 500000 100.241 30.007
8192 800000 171.622 49.479
8192 1000000 236.543 63.48
